{"D:\\DANIIL\\Documents\\programing practice\\webPack education\\practice_project\\src\\shared\\lib\\ClassName.tsx": {"path":"D:\\DANIIL\\Documents\\programing practice\\webPack education\\practice_project\\src\\shared\\lib\\ClassName.tsx","statementMap":{"0":{"start":{"line":3,"column":18},"end":{"line":11,"column":1}},"1":{"start":{"line":4,"column":2},"end":{"line":10,"column":13}},"2":{"start":{"line":6,"column":31},"end":{"line":6,"column":44}},"3":{"start":{"line":8,"column":38},"end":{"line":8,"column":52}},"4":{"start":{"line":9,"column":28},"end":{"line":9,"column":37}}},"fnMap":{"0":{"name":"(anonymous_0)","decl":{"start":{"line":3,"column":18},"end":{"line":3,"column":19}},"loc":{"start":{"line":3,"column":87},"end":{"line":11,"column":1}},"line":3},"1":{"name":"(anonymous_1)","decl":{"start":{"line":6,"column":25},"end":{"line":6,"column":26}},"loc":{"start":{"line":6,"column":31},"end":{"line":6,"column":44}},"line":6},"2":{"name":"(anonymous_2)","decl":{"start":{"line":8,"column":14},"end":{"line":8,"column":15}},"loc":{"start":{"line":8,"column":38},"end":{"line":8,"column":52}},"line":8},"3":{"name":"(anonymous_3)","decl":{"start":{"line":9,"column":11},"end":{"line":9,"column":12}},"loc":{"start":{"line":9,"column":28},"end":{"line":9,"column":37}},"line":9}},"branchMap":{"0":{"loc":{"start":{"line":3,"column":32},"end":{"line":3,"column":47}},"type":"default-arg","locations":[{"start":{"line":3,"column":45},"end":{"line":3,"column":47}}],"line":3},"1":{"loc":{"start":{"line":3,"column":49},"end":{"line":3,"column":74}},"type":"default-arg","locations":[{"start":{"line":3,"column":72},"end":{"line":3,"column":74}}],"line":3}},"s":{"0":1,"1":4,"2":6,"3":4,"4":3},"f":{"0":4,"1":6,"2":4,"3":3},"b":{"0":[1],"1":[1]},"_coverageSchema":"1a1c01bbd47fc00a2c39e90264f33305004495a9","hash":"4b3df52c895f961ef7f17f7ad841391e63e7ffa4"}
}
